[2021-06-02 17:04:19,256] INFO [GroupCoordinator 0]: Preparing to rebalance group CreateUserService in state PreparingRebalance with old generation 3 (__consumer_offsets-8) (reason: Adding new member 89ffb681-c91d-475b-afb1-772baebfa6dc-d77f3403-0295-4caf-b306-e961a8b45c23 with group instanceid None) (kafka.coordinator.group.GroupCoordinator)
[2021-06-02 17:04:19,257] INFO [GroupCoordinator 0]: Stabilized group CreateUserService generation 4 (__consumer_offsets-8) (kafka.coordinator.group.GroupCoordinator)
[2021-06-02 17:04:19,263] INFO [GroupCoordinator 0]: Assignment received from leader for group CreateUserService for generation 4 (kafka.coordinator.group.GroupCoordinator)
[2021-06-02 17:04:42,622] INFO [GroupCoordinator 0]: Preparing to rebalance group CreateUserService in state PreparingRebalance with old generation 4 (__consumer_offsets-8) (reason: Adding new member aee84a68-e526-4d2d-b7c4-ea1ef066bbfd-ddd4882d-4ca1-4c3c-a047-c4def707952f with group instanceid None) (kafka.coordinator.group.GroupCoordinator)
[2021-06-02 17:04:50,272] INFO [GroupCoordinator 0]: Member 89ffb681-c91d-475b-afb1-772baebfa6dc-d77f3403-0295-4caf-b306-e961a8b45c23 in group CreateUserService has failed, removing it from the group (kafka.coordinator.group.GroupCoordinator)
[2021-06-02 17:04:50,272] INFO [GroupCoordinator 0]: Stabilized group CreateUserService generation 5 (__consumer_offsets-8) (kafka.coordinator.group.GroupCoordinator)
[2021-06-02 17:04:50,279] INFO [GroupCoordinator 0]: Assignment received from leader for group CreateUserService for generation 5 (kafka.coordinator.group.GroupCoordinator)
[2021-06-02 17:07:34,646] INFO [GroupCoordinator 0]: Preparing to rebalance group CreateUserService in state PreparingRebalance with old generation 5 (__consumer_offsets-8) (reason: Adding new member 2f858d14-ec25-4025-a702-4795db69bea1-e3dce1b2-6151-4bd6-b38f-56642b5d2373 with group instanceid None) (kafka.coordinator.group.GroupCoordinator)
[2021-06-02 17:07:42,316] INFO [GroupCoordinator 0]: Member aee84a68-e526-4d2d-b7c4-ea1ef066bbfd-ddd4882d-4ca1-4c3c-a047-c4def707952f in group CreateUserService has failed, removing it from the group (kafka.coordinator.group.GroupCoordinator)
[2021-06-02 17:07:42,317] INFO [GroupCoordinator 0]: Stabilized group CreateUserService generation 6 (__consumer_offsets-8) (kafka.coordinator.group.GroupCoordinator)
[2021-06-02 17:07:42,323] INFO [GroupCoordinator 0]: Assignment received from leader for group CreateUserService for generation 6 (kafka.coordinator.group.GroupCoordinator)
[2021-06-02 17:08:57,527] INFO [GroupMetadataManager brokerId=0] Removed 0 expired offsets in 0 milliseconds. (kafka.coordinator.group.GroupMetadataManager)
[2021-06-02 17:09:01,162] INFO [GroupCoordinator 0]: Preparing to rebalance group CreateUserService in state PreparingRebalance with old generation 6 (__consumer_offsets-8) (reason: Adding new member 6f8bb408-5e9d-4a28-ac21-03f5f1ed494e-0a064619-318f-4043-bd67-f8a16e447229 with group instanceid None) (kafka.coordinator.group.GroupCoordinator)
[2021-06-02 17:09:07,342] INFO [GroupCoordinator 0]: Member 2f858d14-ec25-4025-a702-4795db69bea1-e3dce1b2-6151-4bd6-b38f-56642b5d2373 in group CreateUserService has failed, removing it from the group (kafka.coordinator.group.GroupCoordinator)
[2021-06-02 17:09:07,342] INFO [GroupCoordinator 0]: Stabilized group CreateUserService generation 7 (__consumer_offsets-8) (kafka.coordinator.group.GroupCoordinator)
[2021-06-02 17:09:07,348] INFO [GroupCoordinator 0]: Assignment received from leader for group CreateUserService for generation 7 (kafka.coordinator.group.GroupCoordinator)
[2021-06-02 17:18:57,527] INFO [GroupMetadataManager brokerId=0] Removed 0 expired offsets in 0 milliseconds. (kafka.coordinator.group.GroupMetadataManager)
[2021-06-02 17:28:57,527] INFO [GroupMetadataManager brokerId=0] Removed 0 expired offsets in 0 milliseconds. (kafka.coordinator.group.GroupMetadataManager)
[2021-06-02 17:38:57,527] INFO [GroupMetadataManager brokerId=0] Removed 0 expired offsets in 0 milliseconds. (kafka.coordinator.group.GroupMetadataManager)
[2021-06-02 17:48:55,746] INFO [GroupCoordinator 0]: Preparing to rebalance group CreateUserService in state PreparingRebalance with old generation 7 (__consumer_offsets-8) (reason: Adding new member 1325a0fb-fc7f-4698-a515-c9db6d724b15-5f473c96-5183-42d5-aa06-7e631b185ece with group instanceid None) (kafka.coordinator.group.GroupCoordinator)
[2021-06-02 17:48:57,527] INFO [GroupMetadataManager brokerId=0] Removed 0 expired offsets in 0 milliseconds. (kafka.coordinator.group.GroupMetadataManager)
[2021-06-02 17:49:00,648] INFO [GroupCoordinator 0]: Preparing to rebalance group FraudDetectorService in state PreparingRebalance with old generation 12 (__consumer_offsets-19) (reason: Adding new member 9520c72b-b9bb-474b-bf78-83f7640a4ce5-f87166aa-74e8-48fd-98f5-7d23d8bf9a5d with group instanceid None) (kafka.coordinator.group.GroupCoordinator)
[2021-06-02 17:49:02,724] INFO [GroupCoordinator 0]: Member 6f8bb408-5e9d-4a28-ac21-03f5f1ed494e-0a064619-318f-4043-bd67-f8a16e447229 in group CreateUserService has failed, removing it from the group (kafka.coordinator.group.GroupCoordinator)
[2021-06-02 17:49:02,725] INFO [GroupCoordinator 0]: Stabilized group CreateUserService generation 8 (__consumer_offsets-8) (kafka.coordinator.group.GroupCoordinator)
[2021-06-02 17:49:02,731] INFO [GroupCoordinator 0]: Assignment received from leader for group CreateUserService for generation 8 (kafka.coordinator.group.GroupCoordinator)
[2021-06-02 17:49:06,428] INFO [GroupCoordinator 0]: Preparing to rebalance group LogService in state PreparingRebalance with old generation 16 (__consumer_offsets-49) (reason: Adding new member d3f33a30-a627-4950-99bc-e31c903a1cc0-870037c1-c007-4cb5-8d9b-e0edebb36b11 with group instanceid None) (kafka.coordinator.group.GroupCoordinator)
[2021-06-02 17:49:06,862] INFO [GroupCoordinator 0]: Member ecb9217b-528d-4ac0-9714-3b90a18bd827-c2d43fd0-1527-495a-bd72-6211ecd4e694 in group FraudDetectorService has failed, removing it from the group (kafka.coordinator.group.GroupCoordinator)
[2021-06-02 17:49:06,863] INFO [GroupCoordinator 0]: Stabilized group FraudDetectorService generation 13 (__consumer_offsets-19) (kafka.coordinator.group.GroupCoordinator)
[2021-06-02 17:49:06,868] INFO [GroupCoordinator 0]: Assignment received from leader for group FraudDetectorService for generation 13 (kafka.coordinator.group.GroupCoordinator)
[2021-06-02 17:49:13,006] INFO [GroupCoordinator 0]: Member f01f9e56-6fb2-4a9a-9d09-930d01754325-9f4c57fd-928d-40df-8a3c-0db6ab8b91c8 in group LogService has failed, removing it from the group (kafka.coordinator.group.GroupCoordinator)
[2021-06-02 17:49:13,008] INFO [GroupCoordinator 0]: Stabilized group LogService generation 17 (__consumer_offsets-49) (kafka.coordinator.group.GroupCoordinator)
[2021-06-02 17:49:13,014] INFO [GroupCoordinator 0]: Assignment received from leader for group LogService for generation 17 (kafka.coordinator.group.GroupCoordinator)
[2021-06-02 17:49:25,453] INFO [GroupCoordinator 0]: Preparing to rebalance group EmailService in state PreparingRebalance with old generation 5 (__consumer_offsets-29) (reason: Adding new member 9add49d0-935d-499f-88ef-efefa1c96b4f-abbe31d7-3750-4454-bc0b-eb07fdbf4312 with group instanceid None) (kafka.coordinator.group.GroupCoordinator)
[2021-06-02 17:49:32,920] INFO [GroupCoordinator 0]: Member 1e329855-5361-4b35-a09f-0268261e3dce-390149b6-32e1-44a1-845f-ed37051d355e in group EmailService has failed, removing it from the group (kafka.coordinator.group.GroupCoordinator)
[2021-06-02 17:49:32,921] INFO [GroupCoordinator 0]: Stabilized group EmailService generation 6 (__consumer_offsets-29) (kafka.coordinator.group.GroupCoordinator)
[2021-06-02 17:49:32,928] INFO [GroupCoordinator 0]: Assignment received from leader for group EmailService for generation 6 (kafka.coordinator.group.GroupCoordinator)
